<?xml version="1.0" encoding="UTF-8"?>
<!-- Generated by org.testng.reporters.JUnitReportReporter -->
<testsuite hostname="DESKTOP-BNIRTNQ" failures="0" tests="1" name="com.saucedemo.TestPack.TC03_VerifyBagProductAddToCartFunctionality" time="14.178" errors="0" timestamp="2023-03-06T07:48:00 IST" skipped="0">
  <testcase classname="com.saucedemo.TestPack.TC03_VerifyBagProductAddToCartFunctionality" name="verifyBagProductAddToCartFunctionality" time="14.178"/>
  <system-out/>
</testsuite> <!-- com.saucedemo.TestPack.TC03_VerifyBagProductAddToCartFunctionality -->
